2025-11-13 01:58:27,093 INFO: Logging started for scenario: medium
2025-11-13 01:58:27,094 INFO: Ensuring database exists: synthetic_db
2025-11-13 01:58:27,500 INFO: Database ensured: synthetic_db
2025-11-13 01:58:27,501 INFO: --- Attempt 1 / 5 ---
2025-11-13 01:58:27,877 INFO: Scenario medium: target 500.00GB across 1500 tables
2025-11-13 01:58:27,894 INFO: Starting CSV generation with 4 workers
2025-11-13 01:58:27,903 INFO: Generating for tbl_1 with target rows 364101
2025-11-13 01:58:27,903 INFO: Generating for tbl_2 with target rows 369896
2025-11-13 01:58:27,903 INFO: Generating for tbl_3 with target rows 361696
2025-11-13 01:58:27,904 INFO: Generating for tbl_4 with target rows 374097
2025-11-13 01:58:35,331 INFO: Generating for tbl_5 with target rows 319531
2025-11-13 01:59:22,227 INFO: Generating for tbl_6 with target rows 367830
2025-11-13 01:59:25,469 INFO: Generating for tbl_7 with target rows 347650
2025-11-13 01:59:48,649 INFO: Generating for tbl_8 with target rows 332001
2025-11-13 01:59:54,436 INFO: Generating for tbl_9 with target rows 312504
2025-11-13 02:00:07,299 INFO: Generating for tbl_10 with target rows 362778
2025-11-13 02:00:09,472 INFO: Generating for tbl_11 with target rows 336227
2025-11-13 02:00:31,649 INFO: Generating for tbl_12 with target rows 335398
2025-11-13 02:00:50,964 INFO: Generating for tbl_13 with target rows 347599
2025-11-13 02:00:59,338 INFO: Generating for tbl_14 with target rows 324033
2025-11-13 02:01:11,955 INFO: Generating for tbl_15 with target rows 304913
2025-11-13 02:01:14,995 INFO: Generating for tbl_16 with target rows 307195
2025-11-13 02:01:23,021 INFO: Generating for tbl_17 with target rows 388447
2025-11-13 02:01:26,893 INFO: Generating for tbl_18 with target rows 340649
2025-11-13 02:01:36,355 INFO: Generating for tbl_19 with target rows 348678
2025-11-13 02:01:51,626 INFO: Generating for tbl_20 with target rows 308444
2025-11-13 02:02:07,417 INFO: Generating for tbl_21 with target rows 293527
2025-11-13 02:02:38,700 INFO: Generating for tbl_22 with target rows 293306
2025-11-13 02:03:06,089 INFO: Generating for tbl_23 with target rows 370541
2025-11-13 02:03:15,812 INFO: Generating for tbl_24 with target rows 321714
2025-11-13 02:03:24,860 INFO: Generating for tbl_25 with target rows 392553
2025-11-13 02:03:25,023 INFO: Generating for tbl_26 with target rows 375851
2025-11-13 02:03:44,296 INFO: Generating for tbl_27 with target rows 389764
2025-11-13 02:04:01,409 INFO: Generating for tbl_28 with target rows 294012
2025-11-13 02:04:12,469 INFO: Generating for tbl_29 with target rows 369714
2025-11-13 02:04:45,202 INFO: Generating for tbl_30 with target rows 314271
2025-11-13 02:04:50,257 INFO: Generating for tbl_31 with target rows 334680
2025-11-13 02:05:26,059 INFO: Generating for tbl_32 with target rows 392121
2025-11-13 02:05:46,773 INFO: Generating for tbl_33 with target rows 322969
2025-11-13 02:06:06,043 INFO: Generating for tbl_34 with target rows 329798
2025-11-13 02:06:20,987 INFO: Generating for tbl_35 with target rows 267989
2025-11-13 02:06:24,181 INFO: Generating for tbl_36 with target rows 335308
2025-11-13 02:06:28,227 INFO: Generating for tbl_37 with target rows 391084
2025-11-13 02:07:01,223 INFO: Generating for tbl_38 with target rows 375093
2025-11-13 02:07:31,072 INFO: Generating for tbl_39 with target rows 338949
2025-11-13 02:07:52,642 INFO: Generating for tbl_40 with target rows 310879
2025-11-13 02:07:56,554 INFO: Generating for tbl_41 with target rows 266595
2025-11-13 02:08:08,961 INFO: Generating for tbl_42 with target rows 280288
2025-11-13 02:08:11,881 INFO: Generating for tbl_43 with target rows 334601
2025-11-13 02:08:49,612 INFO: Generating for tbl_44 with target rows 393444
2025-11-13 02:09:09,082 INFO: Generating for tbl_45 with target rows 379808
2025-11-13 02:09:52,841 INFO: Generating for tbl_46 with target rows 289500
2025-11-13 02:09:59,106 INFO: Generating for tbl_47 with target rows 286303
2025-11-13 02:10:10,623 INFO: Generating for tbl_48 with target rows 297103
2025-11-13 02:10:20,733 INFO: Generating for tbl_49 with target rows 363109
2025-11-13 02:10:29,298 INFO: Generating for tbl_50 with target rows 365604
2025-11-13 02:10:53,340 INFO: Generating for tbl_51 with target rows 267125
2025-11-13 02:11:13,795 INFO: Generating for tbl_52 with target rows 316731
2025-11-13 02:11:47,135 INFO: Generating for tbl_53 with target rows 317490
2025-11-13 02:11:53,243 INFO: Generating for tbl_54 with target rows 289078
2025-11-13 02:12:17,878 INFO: Generating for tbl_55 with target rows 270613
2025-11-13 02:12:44,759 INFO: Generating for tbl_56 with target rows 292827
2025-11-13 02:12:59,510 INFO: Generating for tbl_57 with target rows 396598
2025-11-13 02:13:15,111 INFO: Generating for tbl_58 with target rows 338328
2025-11-13 02:13:21,383 INFO: Generating for tbl_59 with target rows 324503
2025-11-13 02:13:43,824 INFO: Generating for tbl_60 with target rows 335409
2025-11-13 02:13:50,865 INFO: Generating for tbl_61 with target rows 274745
2025-11-13 02:14:19,385 INFO: Generating for tbl_62 with target rows 312046
2025-11-13 02:14:45,724 INFO: Generating for tbl_63 with target rows 376353
2025-11-13 02:15:13,636 INFO: Generating for tbl_64 with target rows 309393
2025-11-13 02:15:31,122 INFO: Generating for tbl_65 with target rows 275201
2025-11-13 02:15:57,580 INFO: Generating for tbl_66 with target rows 270930
2025-11-13 02:16:04,742 INFO: Generating for tbl_67 with target rows 394913
2025-11-13 02:16:05,491 INFO: Generating for tbl_68 with target rows 273815
2025-11-13 02:16:29,832 INFO: Generating for tbl_69 with target rows 390630
2025-11-13 02:16:34,474 INFO: Generating for tbl_70 with target rows 311290
2025-11-13 02:16:44,984 INFO: Generating for tbl_71 with target rows 380276
2025-11-13 02:17:10,590 INFO: Generating for tbl_72 with target rows 365575
2025-11-13 02:17:31,702 INFO: Generating for tbl_73 with target rows 299884
2025-11-13 02:17:46,671 INFO: Generating for tbl_74 with target rows 369390
2025-11-13 02:17:51,261 INFO: Generating for tbl_75 with target rows 383640
2025-11-13 02:17:52,628 INFO: Generating for tbl_76 with target rows 389017
2025-11-13 02:18:00,034 INFO: Generating for tbl_77 with target rows 305270
2025-11-13 02:18:00,773 INFO: Generating for tbl_78 with target rows 284178
2025-11-13 02:18:31,386 INFO: Generating for tbl_79 with target rows 392676
2025-11-13 02:18:38,157 INFO: Generating for tbl_80 with target rows 309198
2025-11-13 02:18:47,646 INFO: Generating for tbl_81 with target rows 375393
2025-11-13 02:19:09,875 INFO: Generating for tbl_82 with target rows 312920
2025-11-13 02:19:38,744 INFO: Generating for tbl_83 with target rows 290730
2025-11-13 02:19:48,608 INFO: Generating for tbl_84 with target rows 376921
2025-11-13 02:20:09,387 INFO: Generating for tbl_85 with target rows 271719
2025-11-13 02:20:16,514 INFO: Generating for tbl_86 with target rows 378416
2025-11-13 02:20:40,339 INFO: Generating for tbl_87 with target rows 295701
2025-11-13 02:20:44,748 INFO: Generating for tbl_88 with target rows 374888
2025-11-13 02:20:59,795 INFO: Generating for tbl_89 with target rows 289767
2025-11-13 02:21:43,754 INFO: Generating for tbl_90 with target rows 362319
2025-11-13 02:21:46,059 INFO: Generating for tbl_91 with target rows 331367
2025-11-13 02:21:53,150 INFO: Generating for tbl_92 with target rows 357203
2025-11-13 02:21:59,886 INFO: Generating for tbl_93 with target rows 293631
2025-11-13 02:22:03,591 INFO: Generating for tbl_94 with target rows 324742
2025-11-13 02:22:06,076 INFO: Generating for tbl_95 with target rows 386755
2025-11-13 02:22:52,794 INFO: Generating for tbl_96 with target rows 317926
2025-11-13 02:23:04,336 INFO: Generating for tbl_97 with target rows 310807
2025-11-13 02:23:39,964 INFO: Generating for tbl_98 with target rows 322383
2025-11-13 02:23:54,294 INFO: Generating for tbl_99 with target rows 270893
2025-11-13 02:24:02,862 INFO: Generating for tbl_100 with target rows 319853
2025-11-13 02:24:18,733 INFO: Generating for tbl_101 with target rows 381620
2025-11-13 02:24:37,825 INFO: Generating for tbl_102 with target rows 297735
2025-11-13 02:24:51,278 INFO: Generating for tbl_103 with target rows 296181
2025-11-13 02:25:27,464 INFO: Generating for tbl_104 with target rows 389966
2025-11-13 02:25:31,705 INFO: Generating for tbl_105 with target rows 276640
2025-11-13 02:25:37,205 INFO: Generating for tbl_106 with target rows 271209
2025-11-13 02:25:51,730 INFO: Generating for tbl_107 with target rows 317354
2025-11-13 02:26:08,184 INFO: Generating for tbl_108 with target rows 276216
2025-11-13 02:26:32,500 INFO: Generating for tbl_109 with target rows 286770
2025-11-13 02:26:33,788 INFO: Generating for tbl_110 with target rows 331263
2025-11-13 02:26:35,604 INFO: Generating for tbl_111 with target rows 384686
2025-11-13 02:26:51,036 INFO: Generating for tbl_112 with target rows 368764
2025-11-13 02:26:53,150 INFO: Generating for tbl_113 with target rows 372946
2025-11-13 02:27:37,027 INFO: Generating for tbl_114 with target rows 374410
2025-11-13 02:27:40,029 INFO: Generating for tbl_115 with target rows 296497
2025-11-13 02:27:58,930 INFO: Generating for tbl_116 with target rows 372413
2025-11-13 02:28:11,506 INFO: Generating for tbl_117 with target rows 266413
2025-11-13 02:28:15,987 INFO: Generating for tbl_118 with target rows 279311
2025-11-13 02:28:36,509 INFO: Generating for tbl_119 with target rows 368281
2025-11-13 02:28:45,177 INFO: Generating for tbl_120 with target rows 272275
2025-11-13 02:28:47,322 INFO: Generating for tbl_121 with target rows 267561
2025-11-13 02:28:51,726 INFO: Generating for tbl_122 with target rows 302031
2025-11-13 02:28:54,006 INFO: Generating for tbl_123 with target rows 268308
2025-11-13 02:29:01,036 INFO: Generating for tbl_124 with target rows 295050
2025-11-13 02:29:10,375 INFO: Generating for tbl_125 with target rows 396144
2025-11-13 02:29:12,228 INFO: Generating for tbl_126 with target rows 308752
2025-11-13 02:29:37,236 INFO: Generating for tbl_127 with target rows 306542
2025-11-13 02:30:02,371 INFO: Generating for tbl_128 with target rows 352885
2025-11-13 02:30:22,796 INFO: Generating for tbl_129 with target rows 341805
2025-11-13 02:30:51,179 INFO: Generating for tbl_130 with target rows 377956
2025-11-13 02:31:04,573 INFO: Generating for tbl_131 with target rows 271191
2025-11-13 02:31:14,406 INFO: Generating for tbl_132 with target rows 384253
2025-11-13 02:31:34,298 INFO: Generating for tbl_133 with target rows 324609
2025-11-13 02:31:53,065 INFO: Generating for tbl_134 with target rows 320546
2025-11-13 02:32:08,695 INFO: Generating for tbl_135 with target rows 327536
2025-11-13 02:32:09,232 INFO: Generating for tbl_136 with target rows 375621
2025-11-13 02:32:12,554 INFO: Generating for tbl_137 with target rows 328774
2025-11-13 02:32:55,263 INFO: Generating for tbl_138 with target rows 320101
2025-11-13 02:33:00,055 INFO: Generating for tbl_139 with target rows 300065
2025-11-13 02:33:12,363 INFO: Generating for tbl_140 with target rows 386893
2025-11-13 02:33:19,584 INFO: Generating for tbl_141 with target rows 286111
2025-11-13 02:33:40,052 INFO: Generating for tbl_142 with target rows 393093
2025-11-13 02:33:55,460 INFO: Generating for tbl_143 with target rows 319351
2025-11-13 02:34:26,753 INFO: Generating for tbl_144 with target rows 311551
2025-11-13 02:34:28,963 INFO: Generating for tbl_145 with target rows 273676
2025-11-13 02:34:32,350 INFO: Generating for tbl_146 with target rows 266777
2025-11-13 02:35:05,609 INFO: Generating for tbl_147 with target rows 354463
2025-11-13 02:35:05,800 INFO: Generating for tbl_148 with target rows 287061
2025-11-13 02:35:29,157 INFO: Generating for tbl_149 with target rows 350465
2025-11-13 02:35:34,330 INFO: Generating for tbl_150 with target rows 292633
2025-11-13 02:35:46,368 INFO: Generating for tbl_151 with target rows 340498
2025-11-13 02:36:09,865 INFO: Generating for tbl_152 with target rows 301454
2025-11-13 02:36:23,576 INFO: Generating for tbl_153 with target rows 319596
2025-11-13 02:36:49,426 INFO: Generating for tbl_154 with target rows 364324
2025-11-13 02:36:55,320 INFO: Generating for tbl_155 with target rows 359998
2025-11-13 02:37:02,863 INFO: Generating for tbl_156 with target rows 366384
2025-11-13 02:37:39,122 INFO: Generating for tbl_157 with target rows 292791
2025-11-13 02:37:39,825 INFO: Generating for tbl_158 with target rows 289648
2025-11-13 02:37:40,069 INFO: Generating for tbl_159 with target rows 303393
2025-11-13 02:38:23,851 INFO: Generating for tbl_160 with target rows 394619
2025-11-13 02:38:40,660 INFO: Generating for tbl_161 with target rows 326119
2025-11-13 02:38:59,874 INFO: Generating for tbl_162 with target rows 306065
2025-11-13 02:39:02,147 INFO: Generating for tbl_163 with target rows 271568
2025-11-13 02:39:04,462 INFO: Generating for tbl_164 with target rows 368444
2025-11-13 02:39:07,633 INFO: Generating for tbl_165 with target rows 330313
2025-11-13 02:39:25,545 INFO: Generating for tbl_166 with target rows 274891
2025-11-13 02:39:53,016 INFO: Generating for tbl_167 with target rows 391072
2025-11-13 02:40:09,142 INFO: Generating for tbl_168 with target rows 365941
2025-11-13 02:40:13,224 INFO: Generating for tbl_169 with target rows 390996
2025-11-13 02:40:23,735 INFO: Generating for tbl_170 with target rows 271269
2025-11-13 02:40:54,350 INFO: Generating for tbl_171 with target rows 300498
2025-11-13 02:41:21,140 INFO: Generating for tbl_172 with target rows 333710
2025-11-13 02:41:31,728 INFO: Generating for tbl_173 with target rows 322491
2025-11-13 02:41:42,886 INFO: Generating for tbl_174 with target rows 339713
2025-11-13 02:41:55,971 INFO: Generating for tbl_175 with target rows 300689
2025-11-13 02:42:10,941 INFO: Generating for tbl_176 with target rows 395376
2025-11-13 02:42:22,556 INFO: Generating for tbl_177 with target rows 371733
2025-11-13 02:42:35,296 INFO: Generating for tbl_178 with target rows 393036
2025-11-13 02:42:37,298 INFO: Generating for tbl_179 with target rows 317569
2025-11-13 02:43:16,979 INFO: Generating for tbl_180 with target rows 320817
2025-11-13 02:43:31,303 INFO: Generating for tbl_181 with target rows 274550
2025-11-13 02:43:41,820 INFO: Generating for tbl_182 with target rows 350838
2025-11-13 02:44:18,620 INFO: Generating for tbl_183 with target rows 278555
2025-11-13 02:44:35,292 INFO: Generating for tbl_184 with target rows 338137
2025-11-13 02:44:51,019 INFO: Generating for tbl_185 with target rows 385224
2025-11-13 02:44:58,665 INFO: Generating for tbl_186 with target rows 362447
2025-11-13 02:45:11,154 INFO: Generating for tbl_187 with target rows 353773
2025-11-13 02:45:14,550 INFO: Generating for tbl_188 with target rows 305402
2025-11-13 02:45:19,528 INFO: Generating for tbl_189 with target rows 387180
2025-11-13 02:45:42,749 INFO: Generating for tbl_190 with target rows 291609
2025-11-13 02:45:54,998 INFO: Generating for tbl_191 with target rows 345827
2025-11-13 02:46:05,446 INFO: Generating for tbl_192 with target rows 351627
2025-11-13 02:46:16,693 INFO: Generating for tbl_193 with target rows 310573
2025-11-13 02:46:18,278 INFO: Generating for tbl_194 with target rows 328767
2025-11-13 02:46:46,618 INFO: Generating for tbl_195 with target rows 362068
2025-11-13 02:46:49,408 INFO: Generating for tbl_196 with target rows 292579
2025-11-13 02:47:01,559 INFO: Generating for tbl_197 with target rows 315553
2025-11-13 02:47:12,083 INFO: Generating for tbl_198 with target rows 320103
2025-11-13 02:47:33,878 INFO: Generating for tbl_199 with target rows 373651
2025-11-13 02:47:39,827 INFO: Generating for tbl_200 with target rows 340998
2025-11-13 02:47:46,069 INFO: Generating for tbl_201 with target rows 338807
2025-11-13 02:47:48,760 INFO: Generating for tbl_202 with target rows 291202
2025-11-13 02:47:55,786 INFO: Generating for tbl_203 with target rows 387378
2025-11-13 02:47:57,084 INFO: Generating for tbl_204 with target rows 304525
2025-11-13 02:47:58,470 INFO: Generating for tbl_205 with target rows 383271
2025-11-13 02:48:15,728 INFO: Generating for tbl_206 with target rows 309312
2025-11-13 02:48:33,878 INFO: Generating for tbl_207 with target rows 380084
2025-11-13 02:48:35,912 INFO: Generating for tbl_208 with target rows 362985
2025-11-13 02:49:49,433 INFO: Generating for tbl_209 with target rows 393028
2025-11-13 02:50:01,623 INFO: Generating for tbl_210 with target rows 398140
2025-11-13 02:50:02,951 INFO: Generating for tbl_211 with target rows 374328
2025-11-13 02:50:14,436 INFO: Generating for tbl_212 with target rows 354699
2025-11-13 02:50:21,781 INFO: Generating for tbl_213 with target rows 384764
2025-11-13 02:50:35,072 INFO: Generating for tbl_214 with target rows 309177
2025-11-13 02:50:43,221 INFO: Generating for tbl_215 with target rows 358740
2025-11-13 02:51:01,587 INFO: Generating for tbl_216 with target rows 311318
2025-11-13 02:51:14,987 INFO: Generating for tbl_217 with target rows 393895
2025-11-13 02:51:15,009 INFO: Generating for tbl_218 with target rows 293503
2025-11-13 02:51:32,135 INFO: Generating for tbl_219 with target rows 324059
2025-11-13 02:51:37,290 INFO: Generating for tbl_220 with target rows 343354
2025-11-13 02:51:43,715 INFO: Generating for tbl_221 with target rows 295289
2025-11-13 02:51:58,628 INFO: Generating for tbl_222 with target rows 268140
2025-11-13 02:52:01,034 INFO: Generating for tbl_223 with target rows 379068
2025-11-13 02:52:03,857 INFO: Generating for tbl_224 with target rows 351643
2025-11-13 02:52:42,010 INFO: Generating for tbl_225 with target rows 293096
2025-11-13 02:52:49,870 INFO: Generating for tbl_226 with target rows 385033
2025-11-13 02:53:14,625 INFO: Generating for tbl_227 with target rows 316726
2025-11-13 02:53:20,773 INFO: Generating for tbl_228 with target rows 351776
2025-11-13 02:53:23,986 INFO: Generating for tbl_229 with target rows 340317
2025-11-13 02:53:55,627 INFO: Generating for tbl_230 with target rows 376632
2025-11-13 02:53:59,327 INFO: Generating for tbl_231 with target rows 342771
2025-11-13 02:54:06,915 INFO: Generating for tbl_232 with target rows 289915
2025-11-13 02:54:08,521 INFO: Generating for tbl_233 with target rows 350857
2025-11-13 02:54:49,297 INFO: Generating for tbl_234 with target rows 295597
2025-11-13 02:55:12,607 INFO: Generating for tbl_235 with target rows 335996
2025-11-13 02:55:21,048 INFO: Generating for tbl_236 with target rows 269935
2025-11-13 02:55:59,367 INFO: Generating for tbl_237 with target rows 321252
2025-11-13 02:56:00,042 INFO: Generating for tbl_238 with target rows 358296
2025-11-13 02:56:18,118 INFO: Generating for tbl_239 with target rows 348268
2025-11-13 02:56:23,569 INFO: Generating for tbl_240 with target rows 368106
2025-11-13 02:56:33,371 INFO: Generating for tbl_241 with target rows 294084
2025-11-13 02:56:46,289 INFO: Generating for tbl_242 with target rows 288888
2025-11-13 02:57:09,127 INFO: Generating for tbl_243 with target rows 271030
2025-11-13 02:57:21,896 INFO: Generating for tbl_244 with target rows 269245
2025-11-13 02:57:52,635 INFO: Generating for tbl_245 with target rows 364299
2025-11-13 02:57:56,350 INFO: Generating for tbl_246 with target rows 323522
2025-11-13 02:58:33,570 INFO: Generating for tbl_247 with target rows 302504
2025-11-13 02:58:47,606 INFO: Generating for tbl_248 with target rows 393546
2025-11-13 02:59:05,999 INFO: Generating for tbl_249 with target rows 396475
2025-11-13 02:59:34,856 INFO: Generating for tbl_250 with target rows 392683
2025-11-13 02:59:40,527 INFO: Generating for tbl_251 with target rows 331919
